Tue May 17 18:40:58 CEST 2022 Aplication booted up
Tue May 17 18:40:58 CEST 2022: SQLException	 --> No suitable driver found for jdbc:mariadb://172.28.73.238:3306/DB?user=root&password=toor
Tue May 17 18:40:58 CEST 2022 Aplication shut down
---------------------------------------
Tue May 17 18:42:14 CEST 2022 Aplication booted up
Tue May 17 18:42:14 CEST 2022: SQLException	 --> No suitable driver found for jdbc:sqlserver://172.28.73.238:3306/DB?user=root&password=toor
Tue May 17 18:42:14 CEST 2022 Aplication shut down
---------------------------------------
Tue May 17 18:44:06 CEST 2022 Aplication booted up
Tue May 17 18:44:07 CEST 2022: SQLException	 --> No suitable driver found for jdbc:sqlserver://172.28.73.238:3306/labyrinth?user=root&password=toor
Tue May 17 18:44:07 CEST 2022 Aplication shut down
---------------------------------------
Tue May 17 18:49:24 CEST 2022 Aplication booted up
Tue May 17 18:49:24 CEST 2022: SQLException	 --> No suitable driver found for jdbc:sqlserver://172.28.73.238:3306/labyrinth?user=root&password=toor
Tue May 17 18:49:24 CEST 2022 Aplication shut down
---------------------------------------
Tue May 17 18:50:29 CEST 2022 Aplication booted up
Tue May 17 18:50:31 CEST 2022: SQLException	 --> Communications link failure

The last packet sent successfully to the server was 0 milliseconds ago. The driver has not received any packets from the server.
Tue May 17 18:50:31 CEST 2022 Aplication shut down
---------------------------------------
Tue May 17 18:54:05 CEST 2022 Aplication booted up
Tue May 17 18:54:07 CEST 2022: SQLException	 --> Communications link failure

The last packet sent successfully to the server was 0 milliseconds ago. The driver has not received any packets from the server.
Tue May 17 18:54:07 CEST 2022 Aplication shut down
---------------------------------------
Tue May 17 18:54:39 CEST 2022 Aplication booted up
Tue May 17 18:54:39 CEST 2022: SQLException	 --> null,  message from server: "Host 'BPMTibi02.mshome.net' is not allowed to connect to this MariaDB server"
Tue May 17 18:54:39 CEST 2022 Aplication shut down
---------------------------------------
Tue May 17 19:05:56 CEST 2022 Aplication booted up
Tue May 17 19:05:56 CEST 2022 Aplication shut down
---------------------------------------
Tue May 17 19:14:12 CEST 2022 Aplication booted up
Tue May 17 19:14:12 CEST 2022 Aplication shut down
---------------------------------------
Tue May 17 19:16:05 CEST 2022 Aplication booted up
Tue May 17 19:16:05 CEST 2022 Aplication shut down
---------------------------------------
Tue May 17 19:17:10 CEST 2022 Aplication booted up
Tue May 17 19:17:10 CEST 2022: SQLException	 --> Table 'labyrinth.USERS' doesn't exist
Tue May 17 19:17:10 CEST 2022 Aplication shut down
---------------------------------------
Tue May 17 19:17:36 CEST 2022 Aplication booted up
Tue May 17 19:17:36 CEST 2022: SQLException	 --> Before start of result set
Tue May 17 19:17:36 CEST 2022 Aplication shut down
---------------------------------------
Tue May 17 19:18:03 CEST 2022 Aplication booted up
Tue May 17 19:18:03 CEST 2022: SQLException	 --> Before start of result set
Tue May 17 19:18:03 CEST 2022 Aplication shut down
---------------------------------------
Tue May 17 19:18:22 CEST 2022 Aplication booted up
Tue May 17 19:18:22 CEST 2022: SQLException	 --> Before start of result set
Tue May 17 19:18:22 CEST 2022 Aplication shut down
---------------------------------------
Tue May 17 19:18:53 CEST 2022 Aplication booted up
Tue May 17 19:18:54 CEST 2022: SQLException	 --> Before start of result set
Tue May 17 19:18:54 CEST 2022 Aplication shut down
---------------------------------------
Tue May 17 19:20:00 CEST 2022 Aplication booted up
Tue May 17 19:20:00 CEST 2022: admin
Tue May 17 19:20:00 CEST 2022 Aplication shut down
---------------------------------------
Tue May 17 19:57:59 CEST 2022 Aplication booted up
Tue May 17 19:57:59 CEST 2022 Aplication shut down
---------------------------------------
